<?xml version="1.0" encoding="UTF-8"?>
<testsuite name="command.TheButtonTest" tests="1" skipped="0" failures="0" errors="0" timestamp="2021-05-22T15:59:24" hostname="LAPTOP-D1OP5GS9" time="0.001">
  <properties/>
  <testcase name="testSum" classname="command.TheButtonTest" time="0.001"/>
  <system-out><![CDATA[]]></system-out>
  <system-err><![CDATA[]]></system-err>
</testsuite>
