<?xml version="1.0" encoding="UTF-8"?>
<testsuite name="be.ehb.multec.LampTest" tests="1" skipped="0" failures="0" errors="0" timestamp="2021-05-07T13:40:32" hostname="LAPTOP-9V67Q14R" time="0.021">
  <properties/>
  <testcase name="lampColor" classname="be.ehb.multec.LampTest" time="0.021"/>
  <system-out><![CDATA[Hallogen Lamp,Blue,Yellow,Red,Green-16711936
]]></system-out>
  <system-err><![CDATA[]]></system-err>
</testsuite>
