<?xml version="1.0" encoding="UTF-8"?>
<testsuite name="SweetBlackTest" tests="1" skipped="0" failures="0" errors="0" timestamp="2021-05-22T16:14:18" hostname="LAPTOP-D1OP5GS9" time="0.002">
  <properties/>
  <testcase name="sweetBlackTest" classname="SweetBlackTest" time="0.002"/>
  <system-out><![CDATA[]]></system-out>
  <system-err><![CDATA[]]></system-err>
</testsuite>
